Arguments: 
  /Users/mitsuiyusuke/.nodebrew/node/v14.16.1/bin/node /Users/mitsuiyusuke/.nodebrew/current/bin/yarn add -D webextension-polyfill-ts

PATH: 
  /usr/local/Cellar/zplug/2.4.2/bin:/usr/local/sbin:/usr/local/bin:/usr/bin:/bin:/usr/sbin:/sbin:/usr/local/share/dotnet:~/.dotnet/tools:/Library/Apple/usr/bin:/Users/mitsuiyusuke/.cargo/bin:/Users/mitsuiyusuke/.origcmd:/Users/mitsuiyusuke/.nodebrew/current/bin

Yarn version: 
  1.22.10

Node version: 
  14.16.1

Platform: 
  darwin x64

Trace: 
  Error: ENOENT: no such file or directory, copyfile '/Users/mitsuiyusuke/Library/Caches/Yarn/v6/npm-glob-parent-6.0.0-f851b59b388e788f3a44d63fab50382b2859c33c-integrity/node_modules/glob-parent/LICENSE' -> '/Users/mitsuiyusuke/Projects/templates/chrome_extension_template/node_modules/copy-webpack-plugin/node_modules/glob-parent/LICENSE'

npm manifest: 
  {
    "name": "chrome_extension_template",
    "version": "0.0.1",
    "description": "chrome extension template",
    "main": "index.js",
    "private": "true",
    "scripts": {
      "start": "webpack serve --config webpack.config.ts",
      "build": "webpack --config webpack.config.ts",
      "test": "webpack --config webpack.config.js",
      "test_ts": "webpack --config webpack.config.002.ts"
    },
    "author": "Yusuke Mitsui",
    "license": "MIT",
    "devDependencies": {
      "@types/chrome": "^0.0.145",
      "@types/copy-webpack-plugin": "^8.0.0",
      "@types/html-webpack-plugin": "^3.2.5",
      "@types/lodash": "~4.14.168",
      "@types/webpack-dev-server": "^3.11.4",
      "copy-webpack-plugin": "^9.0.0",
      "css-loader": "~5.2.0",
      "html-webpack-plugin": "~5.3.1",
      "sass": "~1.32.8",
      "sass-loader": "~11.0.1",
      "style-loader": "~2.0.0",
      "ts-loader": "~8.1.0",
      "ts-node": "^10.0.0",
      "typescript": "~4.2.3",
      "web-dev-server": "~3.0.22",
      "webpack": "~5.30.0",
      "webpack-cli": "~4.6.0",
      "webpack-dev-server": "^3.11.2"
    }
  }

yarn manifest: 
  No manifest

Lockfile: 
  No lockfile
